<html>
<head>
<title>TestNG:  Parallel Test Execution</title>
<link href="../testng.css" rel="stylesheet" type="text/css" />
<link href="../my-testng.css" rel="stylesheet" type="text/css" />

<style type="text/css">
.log { display: none;} 
.stack-trace { display: none;} 
</style>
<script type="text/javascript">
<!--
function flip(e) {
  current = e.style.display;
  if (current == 'block') {
    e.style.display = 'none';
    return 0;
  }
  else {
    e.style.display = 'block';
    return 1;
  }
}

function toggleBox(szDivId, elem, msg1, msg2)
{
  var res = -1;  if (document.getElementById) {
    res = flip(document.getElementById(szDivId));
  }
  else if (document.all) {
    // this is the way old msie versions work
    res = flip(document.all[szDivId]);
  }
  if(elem) {
    if(res == 0) elem.innerHTML = msg1; else elem.innerHTML = msg2;
  }

}

function toggleAllBoxes() {
  if (document.getElementsByTagName) {
    d = document.getElementsByTagName('div');
    for (i = 0; i < d.length; i++) {
      if (d[i].className == 'log') {
        flip(d[i]);
      }
    }
  }
}

// -->
</script>

</head>
<body>
<h2 align='center'>Parallel Test Execution</h2><table border='1' align="center">
<tr>
<td>Tests passed/Failed/Skipped:</td><td>10/1/0</td>
</tr><tr>
<td>Started on:</td><td>Thu Mar 20 04:58:54 PKT 2025</td>
</tr>
<tr><td>Total time:</td><td>52 seconds (52774 ms)</td>
</tr><tr>
<td>Included groups:</td><td></td>
</tr><tr>
<td>Excluded groups:</td><td></td>
</tr>
</table><p/>
<small><i>(Hover the method name to see the test class name)</i></small><p/>
<table width='100%' border='1' class='invocation-failed'>
<tr><td colspan='4' align='center'><b>FAILED TESTS</b></td></tr>
<tr><td><b>Test method</b></td>
<td><b>Attribute(s)</b></td>
<td width="30%"><b>Exception</b></td>
<td width="10%"><b>Time (seconds)</b></td>
<td><b>Instance</b></td>
</tr>
<tr>
<td title='test_cases.fileUpload.testFileUploadUsingRobot()'><b>testFileUploadUsingRobot</b><br>Test class: test_cases.fileUpload</td>
<td><div><pre>java.lang.RuntimeException: File upload failed: invalid argument
  (Session info: chrome=133.0.6943.98)
Build info: version: &apos;4.29.0&apos;, revision: &apos;5fc1ec94cb&apos;
System info: os.name: &apos;Linux&apos;, os.arch: &apos;amd64&apos;, os.version: &apos;6.8.0-52-generic&apos;, java.version: &apos;22.0.1&apos;
Driver info: org.openqa.selenium.chrome.ChromeDriver
Command: [28a829879932877bd12b296b748fae7d, clickElement {id=f.EA439812D95B90839485DF3217B25F3E.d.5FD9B5336075D2775B247367F1CB4C48.e.3}]
Capabilities {acceptInsecureCerts: false, browserName: chrome, browserVersion: 133.0.6943.98, chrome: {chromedriverVersion: 133.0.6943.141 (2a5d6da0d61..., userDataDir: /tmp/.org.chromium.Chromium...}, fedcm:accounts: true, goog:chromeOptions: {debuggerAddress: localhost:35775}, networkConnectionEnabled: false, pageLoadStrategy: normal, platformName: linux, proxy: Proxy(), se:cdp: ws://localhost:35775/devtoo..., se:cdpVersion: 133.0.6943.98, setWindowRect: true, strictFileInteractability: false, timeouts: {implicit: 0, pageLoad: 300000, script: 30000}, unhandledPromptBehavior: dismiss and notify, webauthn:extension:credBlob: true, webauthn:extension:largeBlob: true, webauthn:extension:minPinLength: true, webauthn:extension:prf: true, webauthn:virtualAuthenticators: true}
Element: [[ChromeDriver: chrome on linux (28a829879932877bd12b296b748fae7d)] -&gt; id: file-upload]
Session ID: 28a829879932877bd12b296b748fae7d
	at page_objects.fileUploadPage.uploadFileUsingRobot(fileUploadPage.java:93)
	at test_cases.fileUpload.testFileUploadUsingRobot(fileUpload.java:75)
	at java.base/java.util.ArrayList.forEach(ArrayList.java:1597)
... Removed 29 stack frames</pre></div><a href='#' onClick='toggleBox("stack-trace1961667779", this, "Click to show all stack frames", "Click to hide stack frames")'>Click to show all stack frames</a>
<div class='stack-trace' id='stack-trace1961667779'><pre>java.lang.RuntimeException: File upload failed: invalid argument
  (Session info: chrome=133.0.6943.98)
Build info: version: &apos;4.29.0&apos;, revision: &apos;5fc1ec94cb&apos;
System info: os.name: &apos;Linux&apos;, os.arch: &apos;amd64&apos;, os.version: &apos;6.8.0-52-generic&apos;, java.version: &apos;22.0.1&apos;
Driver info: org.openqa.selenium.chrome.ChromeDriver
Command: [28a829879932877bd12b296b748fae7d, clickElement {id=f.EA439812D95B90839485DF3217B25F3E.d.5FD9B5336075D2775B247367F1CB4C48.e.3}]
Capabilities {acceptInsecureCerts: false, browserName: chrome, browserVersion: 133.0.6943.98, chrome: {chromedriverVersion: 133.0.6943.141 (2a5d6da0d61..., userDataDir: /tmp/.org.chromium.Chromium...}, fedcm:accounts: true, goog:chromeOptions: {debuggerAddress: localhost:35775}, networkConnectionEnabled: false, pageLoadStrategy: normal, platformName: linux, proxy: Proxy(), se:cdp: ws://localhost:35775/devtoo..., se:cdpVersion: 133.0.6943.98, setWindowRect: true, strictFileInteractability: false, timeouts: {implicit: 0, pageLoad: 300000, script: 30000}, unhandledPromptBehavior: dismiss and notify, webauthn:extension:credBlob: true, webauthn:extension:largeBlob: true, webauthn:extension:minPinLength: true, webauthn:extension:prf: true, webauthn:virtualAuthenticators: true}
Element: [[ChromeDriver: chrome on linux (28a829879932877bd12b296b748fae7d)] -&gt; id: file-upload]
Session ID: 28a829879932877bd12b296b748fae7d
	at page_objects.fileUploadPage.uploadFileUsingRobot(fileUploadPage.java:93)
	at test_cases.fileUpload.testFileUploadUsingRobot(fileUpload.java:75)
	at java.base/jdk.internal.reflect.DirectMethodHandleAccessor.invoke(DirectMethodHandleAccessor.java:103)
	at java.base/java.lang.reflect.Method.invoke(Method.java:580)
	at org.testng.internal.invokers.MethodInvocationHelper.invokeMethod(MethodInvocationHelper.java:141)
	at org.testng.internal.invokers.TestInvoker.invokeMethod(TestInvoker.java:687)
	at org.testng.internal.invokers.TestInvoker.invokeTestMethod(TestInvoker.java:230)
	at org.testng.internal.invokers.MethodRunner.runInSequence(MethodRunner.java:63)
	at org.testng.internal.invokers.TestInvoker$MethodInvocationAgent.invoke(TestInvoker.java:995)
	at org.testng.internal.invokers.TestInvoker.invokeTestMethods(TestInvoker.java:203)
	at org.testng.internal.invokers.TestMethodWorker.invokeTestMethods(TestMethodWorker.java:154)
	at org.testng.internal.invokers.TestMethodWorker.run(TestMethodWorker.java:134)
	at java.base/java.util.ArrayList.forEach(ArrayList.java:1597)
	at org.testng.TestRunner.privateRun(TestRunner.java:741)
	at org.testng.TestRunner.run(TestRunner.java:616)
	at org.testng.SuiteRunner.runTest(SuiteRunner.java:421)
	at org.testng.SuiteRunner.runSequentially(SuiteRunner.java:413)
	at org.testng.SuiteRunner.privateRun(SuiteRunner.java:373)
	at org.testng.SuiteRunner.run(SuiteRunner.java:312)
	at org.testng.SuiteRunnerWorker.runSuite(SuiteRunnerWorker.java:52)
	at org.testng.SuiteRunnerWorker.run(SuiteRunnerWorker.java:95)
	at org.testng.TestNG.runSuitesSequentially(TestNG.java:1274)
	at org.testng.TestNG.runSuitesLocally(TestNG.java:1208)
	at org.testng.TestNG.runSuites(TestNG.java:1112)
	at org.testng.TestNG.run(TestNG.java:1079)
	at org.apache.maven.surefire.testng.TestNGExecutor.run(TestNGExecutor.java:324)
	at org.apache.maven.surefire.testng.TestNGXmlTestSuite.execute(TestNGXmlTestSuite.java:74)
	at org.apache.maven.surefire.testng.TestNGProvider.invoke(TestNGProvider.java:123)
	at org.apache.maven.surefire.booter.ForkedBooter.runSuitesInProcess(ForkedBooter.java:456)
	at org.apache.maven.surefire.booter.ForkedBooter.execute(ForkedBooter.java:169)
	at org.apache.maven.surefire.booter.ForkedBooter.run(ForkedBooter.java:595)
	at org.apache.maven.surefire.booter.ForkedBooter.main(ForkedBooter.java:581)
</pre></div></td>
<td>11</td>
<td>test_cases.fileUpload@3d51f06e</td></tr>
</table><p>
<table width='100%' border='1' class='invocation-passed'>
<tr><td colspan='4' align='center'><b>PASSED TESTS</b></td></tr>
<tr><td><b>Test method</b></td>
<td><b>Attribute(s)</b></td>
<td width="30%"><b>Exception</b></td>
<td width="10%"><b>Time (seconds)</b></td>
<td><b>Instance</b></td>
</tr>
<tr>
<td title='test_cases.loginTest.login_with_invalid_cred()'><b>login_with_invalid_cred</b><br>Test class: test_cases.loginTest</td>
<td></td>
<td>11</td>
<td>test_cases.loginTest@7ed7259e</td></tr>
<tr>
<td title='test_cases.fileUpload.testFileUploadUsingSendKeys()'><b>testFileUploadUsingSendKeys</b><br>Test class: test_cases.fileUpload</td>
<td></td>
<td>0</td>
<td>test_cases.fileUpload@3d51f06e</td></tr>
<tr>
<td title='test_cases.tableTest.ExtractData()'><b>ExtractData</b><br>Test class: test_cases.tableTest</td>
<td></td>
<td>11</td>
<td>test_cases.tableTest@39529185</td></tr>
<tr>
<td title='test_cases.alert_handling.testJSConfirmDismiss()'><b>testJSConfirmDismiss</b><br>Test class: test_cases.alert_handling</td>
<td></td>
<td>0</td>
<td>test_cases.alert_handling@481a996b</td></tr>
<tr>
<td title='test_cases.tableTest.testExtractCompanyNames()'><b>testExtractCompanyNames</b><br>Test class: test_cases.tableTest</td>
<td></td>
<td>0</td>
<td>test_cases.tableTest@39529185</td></tr>
<tr>
<td title='test_cases.alert_handling.testJSPrompt()'><b>testJSPrompt</b><br>Test class: test_cases.alert_handling</td>
<td></td>
<td>0</td>
<td>test_cases.alert_handling@481a996b</td></tr>
<tr>
<td title='test_cases.alert_handling.testJSAlert()'><b>testJSAlert</b><br>Test class: test_cases.alert_handling</td>
<td></td>
<td>0</td>
<td>test_cases.alert_handling@481a996b</td></tr>
<tr>
<td title='test_cases.alert_handling.testGenericJSAlertHandler()'><b>testGenericJSAlertHandler</b><br>Test class: test_cases.alert_handling</td>
<td></td>
<td>11</td>
<td>test_cases.alert_handling@481a996b</td></tr>
<tr>
<td title='test_cases.loginTest.login_with_valid_cred()'><b>login_with_valid_cred</b><br>Test class: test_cases.loginTest</td>
<td></td>
<td>1</td>
<td>test_cases.loginTest@7ed7259e</td></tr>
<tr>
<td title='test_cases.tableTest.testVerifyCompanyExists()'><b>testVerifyCompanyExists</b><br>Test class: test_cases.tableTest</td>
<td></td>
<td>0</td>
<td>test_cases.tableTest@39529185</td></tr>
</table><p>
</body>
</html>