<?xml version="1.0" encoding="UTF-8"?>
<!-- Generated by org.testng.reporters.JUnitXMLReporter -->
<testsuite ignored="0" hostname="pikessoft-ThinkPad-T14-Gen-1" failures="1" tests="11" name="Parallel Test Execution" time="52.774" errors="0" timestamp="2025-03-20T04:59:47 PKT">
  <testcase classname="test_cases.tableTest" name="ExtractData" time="11.199"/>
  <testcase classname="test_cases.tableTest" name="testExtractCompanyNames" time="0.482"/>
  <testcase classname="test_cases.tableTest" name="testVerifyCompanyExists" time="0.475"/>
  <testcase classname="test_cases.alert_handling" name="testGenericJSAlertHandler" time="11.764"/>
  <testcase classname="test_cases.alert_handling" name="testJSAlert" time="0.39"/>
  <testcase classname="test_cases.alert_handling" name="testJSConfirmDismiss" time="0.389"/>
  <testcase classname="test_cases.alert_handling" name="testJSPrompt" time="0.435"/>
  <testcase classname="test_cases.fileUpload" name="testFileUploadUsingRobot" time="11.204">
    <failure type="java.lang.RuntimeException" message="File upload failed: invalid argument
  (Session info: chrome=133.0.6943.98)
Build info: version: &amp;apos;4.29.0&amp;apos;, revision: &amp;apos;5fc1ec94cb&amp;apos;
System info: os.name: &amp;apos;Linux&amp;apos;, os.arch: &amp;apos;amd64&amp;apos;, os.version: &amp;apos;6.8.0-52-generic&amp;apos;, java.version: &amp;apos;22.0.1&amp;apos;
Driver info: org.openqa.selenium.chrome.ChromeDriver
Command: [28a829879932877bd12b296b748fae7d, clickElement {id=f.EA439812D95B90839485DF3217B25F3E.d.5FD9B5336075D2775B247367F1CB4C48.e.3}]
Capabilities {acceptInsecureCerts: false, browserName: chrome, browserVersion: 133.0.6943.98, chrome: {chromedriverVersion: 133.0.6943.141 (2a5d6da0d61..., userDataDir: /tmp/.org.chromium.Chromium...}, fedcm:accounts: true, goog:chromeOptions: {debuggerAddress: localhost:35775}, networkConnectionEnabled: false, pageLoadStrategy: normal, platformName: linux, proxy: Proxy(), se:cdp: ws://localhost:35775/devtoo..., se:cdpVersion: 133.0.6943.98, setWindowRect: true, strictFileInteractability: false, timeouts: {implicit: 0, pageLoad: 300000, script: 30000}, unhandledPromptBehavior: dismiss and notify, webauthn:extension:credBlob: true, webauthn:extension:largeBlob: true, webauthn:extension:minPinLength: true, webauthn:extension:prf: true, webauthn:virtualAuthenticators: true}
Element: [[ChromeDriver: chrome on linux (28a829879932877bd12b296b748fae7d)] -&amp;gt; id: file-upload]
Session ID: 28a829879932877bd12b296b748fae7d">
      <![CDATA[java.lang.RuntimeException: File upload failed: invalid argument
  (Session info: chrome=133.0.6943.98)
Build info: version: '4.29.0', revision: '5fc1ec94cb'
System info: os.name: 'Linux', os.arch: 'amd64', os.version: '6.8.0-52-generic', java.version: '22.0.1'
Driver info: org.openqa.selenium.chrome.ChromeDriver
Command: [28a829879932877bd12b296b748fae7d, clickElement {id=f.EA439812D95B90839485DF3217B25F3E.d.5FD9B5336075D2775B247367F1CB4C48.e.3}]
Capabilities {acceptInsecureCerts: false, browserName: chrome, browserVersion: 133.0.6943.98, chrome: {chromedriverVersion: 133.0.6943.141 (2a5d6da0d61..., userDataDir: /tmp/.org.chromium.Chromium...}, fedcm:accounts: true, goog:chromeOptions: {debuggerAddress: localhost:35775}, networkConnectionEnabled: false, pageLoadStrategy: normal, platformName: linux, proxy: Proxy(), se:cdp: ws://localhost:35775/devtoo..., se:cdpVersion: 133.0.6943.98, setWindowRect: true, strictFileInteractability: false, timeouts: {implicit: 0, pageLoad: 300000, script: 30000}, unhandledPromptBehavior: dismiss and notify, webauthn:extension:credBlob: true, webauthn:extension:largeBlob: true, webauthn:extension:minPinLength: true, webauthn:extension:prf: true, webauthn:virtualAuthenticators: true}
Element: [[ChromeDriver: chrome on linux (28a829879932877bd12b296b748fae7d)] -> id: file-upload]
Session ID: 28a829879932877bd12b296b748fae7d
at page_objects.fileUploadPage.uploadFileUsingRobot(fileUploadPage.java:93)
at test_cases.fileUpload.testFileUploadUsingRobot(fileUpload.java:75)
at java.base/java.util.ArrayList.forEach(ArrayList.java:1597)
... Removed 29 stack frames]]>
    </failure>
  </testcase> <!-- testFileUploadUsingRobot -->
  <testcase classname="test_cases.fileUpload" name="testFileUploadUsingSendKeys" time="0.899"/>
  <testcase classname="test_cases.loginTest" name="login_with_invalid_cred" time="11.437"/>
  <testcase classname="test_cases.loginTest" name="login_with_valid_cred" time="1.194"/>
</testsuite> <!-- Parallel Test Execution -->
